<?xml version="1.0" encoding="UTF-8"?>
<!-- Generated by org.testng.reporters.JUnitXMLReporter -->
<testsuite ignored="0" hostname="luffy" failures="0" tests="4" name="Default test" time="34.761" errors="0" timestamp="2026-01-06T18:18:57 IST">
  <testcase classname="testClasses.OnlineApplicationUsingJsonData" name="setUpOnlineApplicationAndPageValidationOfRegistrationPage" time="4.663"/>
  <testcase classname="testClasses.OnlineApplicationUsingJsonData" name="setUpOnlineApplicationAndValidateRegistration" time="5.624"/>
  <testcase classname="testClasses.OnlineApplicationUsingJsonData" name="setUpOnlineApplicationAndValidateRegistration" time="4.266"/>
  <testcase classname="testClasses.OnlineApplicationUsingJsonData" name="setUpOnlineApplicationAndValidateRegistration" time="3.79"/>
</testsuite> <!-- Default test -->
