<?xml version="1.0" encoding="UTF-8"?>
<!-- Generated by org.testng.reporters.JUnitXMLReporter -->
<testsuite ignored="0" hostname="luffy" failures="1" tests="1" name="Test" time="7.179" errors="0" timestamp="2026-01-07T16:57:22 IST">
  <testcase classname="testClasses.ResultDownload" name="downloadMeritResult" time="0.923">
    <failure type="java.lang.AssertionError" message="expected [https://mpsc.gov.in/results_merit_lis/14] but found [https://mpsc.gov.in/results_merit_list/14]">
      <![CDATA[java.lang.AssertionError: expected [https://mpsc.gov.in/results_merit_lis/14] but found [https://mpsc.gov.in/results_merit_list/14]
at testClasses.ResultDownload.downloadMeritResult(ResultDownload.java:32)
at java.base/java.util.ArrayList.forEach(ArrayList.java:1511)
... Removed 37 stack frames]]>
    </failure>
  </testcase> <!-- downloadMeritResult -->
</testsuite> <!-- Test -->
