<?xml version="1.0" encoding="UTF-8"?>
<!-- Generated by org.testng.reporters.JUnitReportReporter -->
<testsuite hostname="luffy" failures="0" tests="4" name="testClasses.OnlineApplicationUsingJsonData" time="38.308" errors="0" timestamp="2026-01-07T15:07:22 IST" skipped="0">
  <testcase classname="testClasses.OnlineApplicationUsingJsonData" name="setUpOnlineApplicationAndValidateRegistration" time="8.600"/>
  <testcase classname="testClasses.OnlineApplicationUsingJsonData" name="setUpOnlineApplicationAndValidateRegistration" time="9.896"/>
  <testcase classname="testClasses.OnlineApplicationUsingJsonData" name="setUpOnlineApplicationAndValidateRegistration" time="13.008"/>
  <testcase classname="testClasses.OnlineApplicationUsingJsonData" name="setUpOnlineApplicationAndPageValidationOfRegistrationPage" time="6.804"/>
</testsuite> <!-- testClasses.OnlineApplicationUsingJsonData -->
