<?xml version="1.0" encoding="UTF-8"?>
<!-- Generated by org.testng.reporters.JUnitReportReporter -->
<testsuite hostname="luffy" failures="0" tests="3" name="testClasses.OnlineApplication" time="33.451" errors="0" timestamp="2026-01-07T16:51:20 IST" skipped="0">
  <testcase classname="testClasses.OnlineApplication" name="setUpOnlineApplicationAndValidateRegistration" time="7.333"/>
  <testcase classname="testClasses.OnlineApplication" name="setUpOnlineApplicationAndPageValidationOfRegistrationPage" time="9.475"/>
  <testcase classname="testClasses.OnlineApplication" name="setUpOnlineApplicationAndValidateRegistration" time="16.643"/>
</testsuite> <!-- testClasses.OnlineApplication -->
